<?xml version="1.0" encoding="UTF-8"?>
<!-- Generated by org.testng.reporters.JUnitXMLReporter -->
<testsuite hostname="DESKTOP-E6NHBR4" ignored="0" name="Command line test" tests="1" failures="1" timestamp="2021-12-20T11:24:18 IST" time="45.905" errors="0">
  <testcase name="launchGoogle" time="45.851" classname="test.RobotTest">
    <failure type="java.lang.AssertionError" message="expected [https://testng.org/doc/] but found [https://testng.org/doc/documentation-main.html]">
      <![CDATA[java.lang.AssertionError: expected [https://testng.org/doc/] but found [https://testng.org/doc/documentation-main.html]
at test.RobotTest.launchGoogle(RobotTest.java:71)
at java.util.ArrayList.forEach(Unknown Source)
at test.DarazSearchTest.maincode(DarazSearchTest.java:19)
at test.DarazSearchTest.main(DarazSearchTest.java:9)
... Removed 30 stack frames]]>
    </failure>
  </testcase> <!-- launchGoogle -->
</testsuite> <!-- Command line test -->
